# JRE version: Java(TM) SE Runtime Environment (8.0_251-b08) (build 1.8.0_251-b08)
# Java VM: Java HotSpot(TM) 64-Bit Server VM (25.251-b08 mixed mode windows-amd64 compressed oops)
Heap:
 PSYoungGen      total 256512K, used 48101K [0x000000076b900000, 0x000000077f780000, 0x00000007c0000000)
  eden space 238592K, 20% used [0x000000076b900000,0x000000076e7f9440,0x000000077a200000)
  from space 17920K, 0% used [0x000000077e600000,0x000000077e600000,0x000000077f780000)
  to   space 14848K, 0% used [0x000000077a200000,0x000000077a200000,0x000000077b080000)
 ParOldGen       total 159744K, used 29305K [0x00000006c2a00000, 0x00000006cc600000, 0x000000076b900000)
  object space 159744K, 18% used [0x00000006c2a00000,0x00000006c469e4f0,0x00000006cc600000)
 Metaspace       used 58129K, capacity 60530K, committed 60760K, reserved 1101824K
  class space    used 7738K, capacity 8195K, committed 8280K, reserved 1048576K
GC Heap History (10 events):
Event: 6.999 GC heap before
{Heap before GC invocations=11 (full 2):
 PSYoungGen      total 191488K, used 11689K [0x000000076b900000, 0x000000077c280000, 0x00000007c0000000)
  eden space 178176K, 0% used [0x000000076b900000,0x000000076b900000,0x0000000776700000)
  from space 13312K, 87% used [0x0000000776700000,0x000000077726a6e0,0x0000000777400000)
  to   space 14336K, 0% used [0x000000077b480000,0x000000077b480000,0x000000077c280000)
 ParOldGen       total 102400K, used 8978K [0x00000006c2a00000, 0x00000006c8e00000, 0x000000076b900000)
  object space 102400K, 8% used [0x00000006c2a00000,0x00000006c32c49b0,0x00000006c8e00000)
 Metaspace       used 34285K, capacity 35384K, committed 35416K, reserved 1079296K
  class space    used 4425K, capacity 4668K, committed 4696K, reserved 1048576K
Event: 7.049 GC heap after
Heap after GC invocations=11 (full 2):
 PSYoungGen      total 191488K, used 0K [0x000000076b900000, 0x000000077c280000, 0x00000007c0000000)
  eden space 178176K, 0% used [0x000000076b900000,0x000000076b900000,0x0000000776700000)
  from space 13312K, 0% used [0x0000000776700000,0x0000000776700000,0x0000000777400000)
  to   space 14336K, 0% used [0x000000077b480000,0x000000077b480000,0x000000077c280000)
 ParOldGen       total 159744K, used 17224K [0x00000006c2a00000, 0x00000006cc600000, 0x000000076b900000)
  object space 159744K, 10% used [0x00000006c2a00000,0x00000006c3ad22c0,0x00000006cc600000)
 Metaspace       used 34285K, capacity 35384K, committed 35416K, reserved 1079296K
  class space    used 4425K, capacity 4668K, committed 4696K, reserved 1048576K
}
Event: 10.665 GC heap before
{Heap before GC invocations=12 (full 2):
 PSYoungGen      total 191488K, used 178176K [0x000000076b900000, 0x000000077c280000, 0x00000007c0000000)
  eden space 178176K, 100% used [0x000000076b900000,0x0000000776700000,0x0000000776700000)
  from space 13312K, 0% used [0x0000000776700000,0x0000000776700000,0x0000000777400000)
  to   space 14336K, 0% used [0x000000077b480000,0x000000077b480000,0x000000077c280000)
 ParOldGen       total 159744K, used 17224K [0x00000006c2a00000, 0x00000006cc600000, 0x000000076b900000)
  object space 159744K, 10% used [0x00000006c2a00000,0x00000006c3ad22c0,0x00000006cc600000)
 Metaspace       used 42024K, capacity 43748K, committed 43992K, reserved 1087488K
  class space    used 5520K, capacity 5840K, committed 5848K, reserved 1048576K
Event: 10.675 GC heap after
Heap after GC invocations=12 (full 2):
 PSYoungGen      total 240128K, used 10671K [0x000000076b900000, 0x000000077bf00000, 0x00000007c0000000)
  eden space 229376K, 0% used [0x000000076b900000,0x000000076b900000,0x0000000779900000)
  from space 10752K, 99% used [0x000000077b480000,0x000000077beebd70,0x000000077bf00000)
  to   space 14848K, 0% used [0x000000077a200000,0x000000077a200000,0x000000077b080000)
 ParOldGen       total 159744K, used 17232K [0x00000006c2a00000, 0x00000006cc600000, 0x000000076b900000)
  object space 159744K, 10% used [0x00000006c2a00000,0x00000006c3ad42c0,0x00000006cc600000)
 Metaspace       used 42024K, capacity 43748K, committed 43992K, reserved 1087488K
  class space    used 5520K, capacity 5840K, committed 5848K, reserved 1048576K
}
Event: 13.217 GC heap before
{Heap before GC invocations=13 (full 2):
 PSYoungGen      total 240128K, used 240047K [0x000000076b900000, 0x000000077bf00000, 0x00000007c0000000)
  eden space 229376K, 100% used [0x000000076b900000,0x0000000779900000,0x0000000779900000)
  from space 10752K, 99% used [0x000000077b480000,0x000000077beebd70,0x000000077bf00000)
  to   space 14848K, 0% used [0x000000077a200000,0x000000077a200000,0x000000077b080000)
 ParOldGen       total 159744K, used 17232K [0x00000006c2a00000, 0x00000006cc600000, 0x000000076b900000)
  object space 159744K, 10% used [0x00000006c2a00000,0x00000006c3ad42c0,0x00000006cc600000)
 Metaspace       used 53004K, capacity 54970K, committed 55256K, reserved 1097728K
  class space    used 6940K, capacity 7325K, committed 7384K, reserved 1048576K
Event: 13.229 GC heap after
Heap after GC invocations=13 (full 2):
 PSYoungGen      total 253440K, used 14828K [0x000000076b900000, 0x000000077f780000, 0x00000007c0000000)
  eden space 238592K, 0% used [0x000000076b900000,0x000000076b900000,0x000000077a200000)
  from space 14848K, 99% used [0x000000077a200000,0x000000077b07b0e0,0x000000077b080000)
  to   space 17920K, 0% used [0x000000077e600000,0x000000077e600000,0x000000077f780000)
 ParOldGen       total 159744K, used 21685K [0x00000006c2a00000, 0x00000006cc600000, 0x000000076b900000)
  object space 159744K, 13% used [0x00000006c2a00000,0x00000006c3f2d438,0x00000006cc600000)
 Metaspace       used 53004K, capacity 54970K, committed 55256K, reserved 1097728K
  class space    used 6940K, capacity 7325K, committed 7384K, reserved 1048576K
}
Event: 13.972 GC heap before
{Heap before GC invocations=14 (full 2):
 PSYoungGen      total 253440K, used 117392K [0x000000076b900000, 0x000000077f780000, 0x00000007c0000000)
  eden space 238592K, 42% used [0x000000076b900000,0x0000000771d28fa8,0x000000077a200000)
  from space 14848K, 99% used [0x000000077a200000,0x000000077b07b0e0,0x000000077b080000)
  to   space 17920K, 0% used [0x000000077e600000,0x000000077e600000,0x000000077f780000)
 ParOldGen       total 159744K, used 21685K [0x00000006c2a00000, 0x00000006cc600000, 0x000000076b900000)
  object space 159744K, 13% used [0x00000006c2a00000,0x00000006c3f2d438,0x00000006cc600000)
 Metaspace       used 56689K, capacity 58898K, committed 58968K, reserved 1099776K
  class space    used 7535K, capacity 7957K, committed 8024K, reserved 1048576K
Event: 13.994 GC heap after
Heap after GC invocations=14 (full 2):
 PSYoungGen      total 256512K, used 15838K [0x000000076b900000, 0x000000077f780000, 0x00000007c0000000)
  eden space 238592K, 0% used [0x000000076b900000,0x000000076b900000,0x000000077a200000)
  from space 17920K, 88% used [0x000000077e600000,0x000000077f577bf0,0x000000077f780000)
  to   space 14848K, 0% used [0x000000077a200000,0x000000077a200000,0x000000077b080000)
 ParOldGen       total 159744K, used 21693K [0x00000006c2a00000, 0x00000006cc600000, 0x000000076b900000)
  object space 159744K, 13% used [0x00000006c2a00000,0x00000006c3f2f438,0x00000006cc600000)
 Metaspace       used 56689K, capacity 58898K, committed 58968K, reserved 1099776K
  class space    used 7535K, capacity 7957K, committed 8024K, reserved 1048576K
}
Event: 13.994 GC heap before
{Heap before GC invocations=15 (full 3):
 PSYoungGen      total 256512K, used 15838K [0x000000076b900000, 0x000000077f780000, 0x00000007c0000000)
  eden space 238592K, 0% used [0x000000076b900000,0x000000076b900000,0x000000077a200000)
  from space 17920K, 88% used [0x000000077e600000,0x000000077f577bf0,0x000000077f780000)
  to   space 14848K, 0% used [0x000000077a200000,0x000000077a200000,0x000000077b080000)
 ParOldGen       total 159744K, used 21693K [0x00000006c2a00000, 0x00000006cc600000, 0x000000076b900000)
  object space 159744K, 13% used [0x00000006c2a00000,0x00000006c3f2f438,0x00000006cc600000)
 Metaspace       used 56689K, capacity 58898K, committed 58968K, reserved 1099776K
  class space    used 7535K, capacity 7957K, committed 8024K, reserved 1048576K
Event: 14.151 GC heap after
Heap after GC invocations=15 (full 3):
 PSYoungGen      total 256512K, used 0K [0x000000076b900000, 0x000000077f780000, 0x00000007c0000000)
  eden space 238592K, 0% used [0x000000076b900000,0x000000076b900000,0x000000077a200000)
  from space 17920K, 0% used [0x000000077e600000,0x000000077e600000,0x000000077f780000)
  to   space 14848K, 0% used [0x000000077a200000,0x000000077a200000,0x000000077b080000)
 ParOldGen       total 159744K, used 29305K [0x00000006c2a00000, 0x00000006cc600000, 0x000000076b900000)
  object space 159744K, 18% used [0x00000006c2a00000,0x00000006c469e4f0,0x00000006cc600000)
 Metaspace       used 56689K, capacity 58898K, committed 58968K, reserved 1099776K
  class space    used 7535K, capacity 7957K, committed 8024K, reserved 1048576K
}

