# JRE version: Java(TM) SE Runtime Environment (8.0_251-b08) (build 1.8.0_251-b08)
# Java VM: Java HotSpot(TM) 64-Bit Server VM (25.251-b08 mixed mode windows-amd64 compressed oops)
Heap:
 PSYoungGen      total 189440K, used 26048K [0x000000076b900000, 0x000000077bd80000, 0x00000007c0000000)
  eden space 176128K, 14% used [0x000000076b900000,0x000000076d270308,0x0000000776500000)
  from space 13312K, 0% used [0x0000000776500000,0x0000000776500000,0x0000000777200000)
  to   space 14336K, 0% used [0x000000077af80000,0x000000077af80000,0x000000077bd80000)
 ParOldGen       total 103936K, used 17228K [0x00000006c2a00000, 0x00000006c8f80000, 0x000000076b900000)
  object space 103936K, 16% used [0x00000006c2a00000,0x00000006c3ad32e0,0x00000006c8f80000)
 Metaspace       used 35316K, capacity 36754K, committed 36952K, reserved 1081344K
  class space    used 4580K, capacity 4883K, committed 4952K, reserved 1048576K
GC Heap History (10 events):
Event: 4.861 GC heap before
{Heap before GC invocations=7 (full 1):
 PSYoungGen      total 101376K, used 101177K [0x000000076b900000, 0x0000000774300000, 0x00000007c0000000)
  eden space 97280K, 100% used [0x000000076b900000,0x0000000771800000,0x0000000771800000)
  from space 4096K, 95% used [0x0000000773400000,0x00000007737ce690,0x0000000773800000)
  to   space 10240K, 0% used [0x0000000773900000,0x0000000773900000,0x0000000774300000)
 ParOldGen       total 103936K, used 6350K [0x00000006c2a00000, 0x00000006c8f80000, 0x000000076b900000)
  object space 103936K, 6% used [0x00000006c2a00000,0x00000006c3033a38,0x00000006c8f80000)
 Metaspace       used 27170K, capacity 28080K, committed 28288K, reserved 1073152K
  class space    used 3482K, capacity 3696K, committed 3712K, reserved 1048576K
Event: 4.867 GC heap after
Heap after GC invocations=7 (full 1):
 PSYoungGen      total 131072K, used 6121K [0x000000076b900000, 0x0000000775780000, 0x00000007c0000000)
  eden space 120832K, 0% used [0x000000076b900000,0x000000076b900000,0x0000000772f00000)
  from space 10240K, 59% used [0x0000000773900000,0x0000000773efa690,0x0000000774300000)
  to   space 10240K, 0% used [0x0000000772f00000,0x0000000772f00000,0x0000000773900000)
 ParOldGen       total 103936K, used 6358K [0x00000006c2a00000, 0x00000006c8f80000, 0x000000076b900000)
  object space 103936K, 6% used [0x00000006c2a00000,0x00000006c3035a38,0x00000006c8f80000)
 Metaspace       used 27170K, capacity 28080K, committed 28288K, reserved 1073152K
  class space    used 3482K, capacity 3696K, committed 3712K, reserved 1048576K
}
Event: 5.354 GC heap before
{Heap before GC invocations=8 (full 1):
 PSYoungGen      total 131072K, used 126953K [0x000000076b900000, 0x0000000775780000, 0x00000007c0000000)
  eden space 120832K, 100% used [0x000000076b900000,0x0000000772f00000,0x0000000772f00000)
  from space 10240K, 59% used [0x0000000773900000,0x0000000773efa690,0x0000000774300000)
  to   space 10240K, 0% used [0x0000000772f00000,0x0000000772f00000,0x0000000773900000)
 ParOldGen       total 103936K, used 6358K [0x00000006c2a00000, 0x00000006c8f80000, 0x000000076b900000)
  object space 103936K, 6% used [0x00000006c2a00000,0x00000006c3035a38,0x00000006c8f80000)
 Metaspace       used 28715K, capacity 29692K, committed 29824K, reserved 1075200K
  class space    used 3678K, capacity 3914K, committed 3968K, reserved 1048576K
Event: 5.359 GC heap after
Heap after GC invocations=8 (full 1):
 PSYoungGen      total 131072K, used 9305K [0x000000076b900000, 0x0000000777c80000, 0x00000007c0000000)
  eden space 120832K, 0% used [0x000000076b900000,0x000000076b900000,0x0000000772f00000)
  from space 10240K, 90% used [0x0000000772f00000,0x0000000773816790,0x0000000773900000)
  to   space 10752K, 0% used [0x0000000777200000,0x0000000777200000,0x0000000777c80000)
 ParOldGen       total 103936K, used 6366K [0x00000006c2a00000, 0x00000006c8f80000, 0x000000076b900000)
  object space 103936K, 6% used [0x00000006c2a00000,0x00000006c3037a38,0x00000006c8f80000)
 Metaspace       used 28715K, capacity 29692K, committed 29824K, reserved 1075200K
  class space    used 3678K, capacity 3914K, committed 3968K, reserved 1048576K
}
Event: 5.985 GC heap before
{Heap before GC invocations=9 (full 1):
 PSYoungGen      total 131072K, used 130137K [0x000000076b900000, 0x0000000777c80000, 0x00000007c0000000)
  eden space 120832K, 100% used [0x000000076b900000,0x0000000772f00000,0x0000000772f00000)
  from space 10240K, 90% used [0x0000000772f00000,0x0000000773816790,0x0000000773900000)
  to   space 10752K, 0% used [0x0000000777200000,0x0000000777200000,0x0000000777c80000)
 ParOldGen       total 103936K, used 6366K [0x00000006c2a00000, 0x00000006c8f80000, 0x000000076b900000)
  object space 103936K, 6% used [0x00000006c2a00000,0x00000006c3037a38,0x00000006c8f80000)
 Metaspace       used 32506K, capacity 33606K, committed 33792K, reserved 1079296K
  class space    used 4237K, capacity 4493K, committed 4608K, reserved 1048576K
Event: 5.993 GC heap after
Heap after GC invocations=9 (full 1):
 PSYoungGen      total 186880K, used 10736K [0x000000076b900000, 0x0000000778480000, 0x00000007c0000000)
  eden space 176128K, 0% used [0x000000076b900000,0x000000076b900000,0x0000000776500000)
  from space 10752K, 99% used [0x0000000777200000,0x0000000777c7c020,0x0000000777c80000)
  to   space 13312K, 0% used [0x0000000776500000,0x0000000776500000,0x0000000777200000)
 ParOldGen       total 103936K, used 8881K [0x00000006c2a00000, 0x00000006c8f80000, 0x000000076b900000)
  object space 103936K, 8% used [0x00000006c2a00000,0x00000006c32ac4e8,0x00000006c8f80000)
 Metaspace       used 32506K, capacity 33606K, committed 33792K, reserved 1079296K
  class space    used 4237K, capacity 4493K, committed 4608K, reserved 1048576K
}
Event: 6.278 GC heap before
{Heap before GC invocations=10 (full 1):
 PSYoungGen      total 186880K, used 60623K [0x000000076b900000, 0x0000000778480000, 0x00000007c0000000)
  eden space 176128K, 28% used [0x000000076b900000,0x000000076e9b7e30,0x0000000776500000)
  from space 10752K, 99% used [0x0000000777200000,0x0000000777c7c020,0x0000000777c80000)
  to   space 13312K, 0% used [0x0000000776500000,0x0000000776500000,0x0000000777200000)
 ParOldGen       total 103936K, used 8881K [0x00000006c2a00000, 0x00000006c8f80000, 0x000000076b900000)
  object space 103936K, 8% used [0x00000006c2a00000,0x00000006c32ac4e8,0x00000006c8f80000)
 Metaspace       used 34288K, capacity 35356K, committed 35416K, reserved 1079296K
  class space    used 4424K, capacity 4636K, committed 4696K, reserved 1048576K
Event: 6.285 GC heap after
Heap after GC invocations=10 (full 1):
 PSYoungGen      total 189440K, used 11701K [0x000000076b900000, 0x000000077bd80000, 0x00000007c0000000)
  eden space 176128K, 0% used [0x000000076b900000,0x000000076b900000,0x0000000776500000)
  from space 13312K, 87% used [0x0000000776500000,0x000000077706d6d0,0x0000000777200000)
  to   space 14336K, 0% used [0x000000077af80000,0x000000077af80000,0x000000077bd80000)
 ParOldGen       total 103936K, used 8889K [0x00000006c2a00000, 0x00000006c8f80000, 0x000000076b900000)
  object space 103936K, 8% used [0x00000006c2a00000,0x00000006c32ae4e8,0x00000006c8f80000)
 Metaspace       used 34288K, capacity 35356K, committed 35416K, reserved 1079296K
  class space    used 4424K, capacity 4636K, committed 4696K, reserved 1048576K
}
Event: 6.285 GC heap before
{Heap before GC invocations=11 (full 2):
 PSYoungGen      total 189440K, used 11701K [0x000000076b900000, 0x000000077bd80000, 0x00000007c0000000)
  eden space 176128K, 0% used [0x000000076b900000,0x000000076b900000,0x0000000776500000)
  from space 13312K, 87% used [0x0000000776500000,0x000000077706d6d0,0x0000000777200000)
  to   space 14336K, 0% used [0x000000077af80000,0x000000077af80000,0x000000077bd80000)
 ParOldGen       total 103936K, used 8889K [0x00000006c2a00000, 0x00000006c8f80000, 0x000000076b900000)
  object space 103936K, 8% used [0x00000006c2a00000,0x00000006c32ae4e8,0x00000006c8f80000)
 Metaspace       used 34288K, capacity 35356K, committed 35416K, reserved 1079296K
  class space    used 4424K, capacity 4636K, committed 4696K, reserved 1048576K
Event: 6.330 GC heap after
Heap after GC invocations=11 (full 2):
 PSYoungGen      total 189440K, used 0K [0x000000076b900000, 0x000000077bd80000, 0x00000007c0000000)
  eden space 176128K, 0% used [0x000000076b900000,0x000000076b900000,0x0000000776500000)
  from space 13312K, 0% used [0x0000000776500000,0x0000000776500000,0x0000000777200000)
  to   space 14336K, 0% used [0x000000077af80000,0x000000077af80000,0x000000077bd80000)
 ParOldGen       total 103936K, used 17228K [0x00000006c2a00000, 0x00000006c8f80000, 0x000000076b900000)
  object space 103936K, 16% used [0x00000006c2a00000,0x00000006c3ad32e0,0x00000006c8f80000)
 Metaspace       used 34288K, capacity 35356K, committed 35416K, reserved 1079296K
  class space    used 4424K, capacity 4636K, committed 4696K, reserved 1048576K
}

